{"D:\\recuperacion\\Databases\\Web Services\\cse-341-finalproject\\server.js": {"path":"D:\\recuperacion\\Databases\\Web Services\\cse-341-finalproject\\server.js","statementMap":{"0":{"start":{"line":1,"column":16},"end":{"line":1,"column":34}},"1":{"start":{"line":2,"column":16},"end":{"line":2,"column":42}},"2":{"start":{"line":3,"column":19},"end":{"line":3,"column":41}},"3":{"start":{"line":4,"column":13},"end":{"line":4,"column":28}},"4":{"start":{"line":5,"column":17},"end":{"line":5,"column":36}},"5":{"start":{"line":6,"column":16},"end":{"line":6,"column":42}},"6":{"start":{"line":7,"column":23},"end":{"line":7,"column":59}},"7":{"start":{"line":8,"column":12},"end":{"line":8,"column":21}},"8":{"start":{"line":10,"column":13},"end":{"line":10,"column":37}},"9":{"start":{"line":12,"column":0},"end":{"line":35,"column":42}},"10":{"start":{"line":22,"column":4},"end":{"line":22,"column":54}},"11":{"start":{"line":23,"column":4},"end":{"line":26,"column":6}},"12":{"start":{"line":27,"column":4},"end":{"line":30,"column":5}},"13":{"start":{"line":31,"column":4},"end":{"line":31,"column":11}},"14":{"start":{"line":37,"column":2},"end":{"line":44,"column":6}},"15":{"start":{"line":43,"column":4},"end":{"line":43,"column":31}},"16":{"start":{"line":46,"column":0},"end":{"line":48,"column":3}},"17":{"start":{"line":47,"column":2},"end":{"line":47,"column":19}},"18":{"start":{"line":49,"column":0},"end":{"line":51,"column":3}},"19":{"start":{"line":50,"column":2},"end":{"line":50,"column":19}},"20":{"start":{"line":53,"column":0},"end":{"line":55,"column":109}},"21":{"start":{"line":54,"column":2},"end":{"line":54,"column":60}},"22":{"start":{"line":55,"column":2},"end":{"line":55,"column":106}},"23":{"start":{"line":57,"column":0},"end":{"line":62,"column":5}},"24":{"start":{"line":60,"column":4},"end":{"line":60,"column":32}},"25":{"start":{"line":61,"column":4},"end":{"line":61,"column":22}},"26":{"start":{"line":64,"column":0},"end":{"line":66,"column":5}},"27":{"start":{"line":65,"column":4},"end":{"line":65,"column":97}},"28":{"start":{"line":69,"column":0},"end":{"line":76,"column":2}},"29":{"start":{"line":70,"column":4},"end":{"line":75,"column":5}},"30":{"start":{"line":71,"column":8},"end":{"line":71,"column":25}},"31":{"start":{"line":74,"column":8},"end":{"line":74,"column":104}},"32":{"start":{"line":74,"column":32},"end":{"line":74,"column":101}},"33":{"start":{"line":78,"column":0},"end":{"line":78,"column":21}}},"fnMap":{"0":{"name":"(anonymous_0)","decl":{"start":{"line":21,"column":7},"end":{"line":21,"column":8}},"loc":{"start":{"line":21,"column":27},"end":{"line":32,"column":3}},"line":21},"1":{"name":"(anonymous_1)","decl":{"start":{"line":42,"column":2},"end":{"line":42,"column":3}},"loc":{"start":{"line":42,"column":52},"end":{"line":44,"column":3}},"line":42},"2":{"name":"(anonymous_2)","decl":{"start":{"line":46,"column":23},"end":{"line":46,"column":24}},"loc":{"start":{"line":46,"column":39},"end":{"line":48,"column":1}},"line":46},"3":{"name":"(anonymous_3)","decl":{"start":{"line":49,"column":25},"end":{"line":49,"column":26}},"loc":{"start":{"line":49,"column":41},"end":{"line":51,"column":1}},"line":49},"4":{"name":"(anonymous_4)","decl":{"start":{"line":53,"column":13},"end":{"line":53,"column":14}},"loc":{"start":{"line":53,"column":27},"end":{"line":55,"column":107}},"line":53},"5":{"name":"(anonymous_5)","decl":{"start":{"line":59,"column":2},"end":{"line":59,"column":3}},"loc":{"start":{"line":59,"column":15},"end":{"line":62,"column":3}},"line":59},"6":{"name":"(anonymous_6)","decl":{"start":{"line":64,"column":32},"end":{"line":64,"column":33}},"loc":{"start":{"line":64,"column":49},"end":{"line":66,"column":3}},"line":64},"7":{"name":"(anonymous_7)","decl":{"start":{"line":69,"column":15},"end":{"line":69,"column":16}},"loc":{"start":{"line":69,"column":24},"end":{"line":76,"column":1}},"line":69},"8":{"name":"(anonymous_8)","decl":{"start":{"line":74,"column":25},"end":{"line":74,"column":26}},"loc":{"start":{"line":74,"column":31},"end":{"line":74,"column":102}},"line":74}},"branchMap":{"0":{"loc":{"start":{"line":10,"column":13},"end":{"line":10,"column":37}},"type":"binary-expr","locations":[{"start":{"line":10,"column":13},"end":{"line":10,"column":29}},{"start":{"line":10,"column":33},"end":{"line":10,"column":37}}],"line":10},"1":{"loc":{"start":{"line":55,"column":11},"end":{"line":55,"column":105}},"type":"cond-expr","locations":[{"start":{"line":55,"column":44},"end":{"line":55,"column":90}},{"start":{"line":55,"column":93},"end":{"line":55,"column":105}}],"line":55},"2":{"loc":{"start":{"line":70,"column":4},"end":{"line":75,"column":5}},"type":"if","locations":[{"start":{"line":70,"column":4},"end":{"line":75,"column":5}},{"start":{"line":73,"column":8},"end":{"line":75,"column":5}}],"line":70}},"s":{"0":1,"1":1,"2":1,"3":1,"4":1,"5":1,"6":1,"7":1,"8":1,"9":1,"10":0,"11":0,"12":0,"13":0,"14":1,"15":0,"16":1,"17":0,"18":1,"19":0,"20":1,"21":0,"22":0,"23":1,"24":0,"25":0,"26":1,"27":0,"28":1,"29":1,"30":0,"31":1,"32":1,"33":1},"f":{"0":0,"1":0,"2":0,"3":0,"4":0,"5":0,"6":0,"7":1,"8":1},"b":{"0":[1,1],"1":[0,0],"2":[0,1]},"_coverageSchema":"1a1c01bbd47fc00a2c39e90264f33305004495a9","hash":"ca8dc0eceb0fe4ca9a9e6869c30c77e24155dac5"}
,"D:\\recuperacion\\Databases\\Web Services\\cse-341-finalproject\\controllers\\authors.js": {"path":"D:\\recuperacion\\Databases\\Web Services\\cse-341-finalproject\\controllers\\authors.js","statementMap":{"0":{"start":{"line":1,"column":16},"end":{"line":1,"column":43}},"1":{"start":{"line":2,"column":17},"end":{"line":2,"column":44}},"2":{"start":{"line":4,"column":15},"end":{"line":12,"column":1}},"3":{"start":{"line":7,"column":19},"end":{"line":7,"column":89}},"4":{"start":{"line":8,"column":4},"end":{"line":11,"column":7}},"5":{"start":{"line":9,"column":8},"end":{"line":9,"column":58}},"6":{"start":{"line":10,"column":8},"end":{"line":10,"column":38}},"7":{"start":{"line":14,"column":18},"end":{"line":26,"column":1}},"8":{"start":{"line":17,"column":4},"end":{"line":19,"column":7}},"9":{"start":{"line":18,"column":8},"end":{"line":18,"column":77}},"10":{"start":{"line":20,"column":22},"end":{"line":20,"column":49}},"11":{"start":{"line":21,"column":19},"end":{"line":21,"column":104}},"12":{"start":{"line":22,"column":4},"end":{"line":25,"column":7}},"13":{"start":{"line":23,"column":8},"end":{"line":23,"column":58}},"14":{"start":{"line":24,"column":8},"end":{"line":24,"column":41}},"15":{"start":{"line":28,"column":21},"end":{"line":44,"column":1}},"16":{"start":{"line":31,"column":20},"end":{"line":37,"column":9}},"17":{"start":{"line":38,"column":21},"end":{"line":38,"column":103}},"18":{"start":{"line":39,"column":4},"end":{"line":43,"column":5}},"19":{"start":{"line":40,"column":8},"end":{"line":40,"column":31}},"20":{"start":{"line":42,"column":8},"end":{"line":42,"column":95}},"21":{"start":{"line":46,"column":21},"end":{"line":66,"column":1}},"22":{"start":{"line":49,"column":4},"end":{"line":51,"column":7}},"23":{"start":{"line":50,"column":8},"end":{"line":50,"column":80}},"24":{"start":{"line":52,"column":22},"end":{"line":52,"column":49}},"25":{"start":{"line":53,"column":20},"end":{"line":59,"column":9}},"26":{"start":{"line":60,"column":21},"end":{"line":60,"column":121}},"27":{"start":{"line":61,"column":4},"end":{"line":65,"column":5}},"28":{"start":{"line":62,"column":8},"end":{"line":62,"column":31}},"29":{"start":{"line":64,"column":8},"end":{"line":64,"column":95}},"30":{"start":{"line":68,"column":21},"end":{"line":81,"column":1}},"31":{"start":{"line":71,"column":4},"end":{"line":73,"column":7}},"32":{"start":{"line":72,"column":8},"end":{"line":72,"column":80}},"33":{"start":{"line":74,"column":22},"end":{"line":74,"column":49}},"34":{"start":{"line":75,"column":21},"end":{"line":75,"column":117}},"35":{"start":{"line":76,"column":4},"end":{"line":80,"column":5}},"36":{"start":{"line":77,"column":8},"end":{"line":77,"column":31}},"37":{"start":{"line":79,"column":8},"end":{"line":79,"column":95}},"38":{"start":{"line":83,"column":0},"end":{"line":89,"column":1}}},"fnMap":{"0":{"name":"(anonymous_0)","decl":{"start":{"line":4,"column":15},"end":{"line":4,"column":16}},"loc":{"start":{"line":4,"column":35},"end":{"line":12,"column":1}},"line":4},"1":{"name":"(anonymous_1)","decl":{"start":{"line":8,"column":26},"end":{"line":8,"column":27}},"loc":{"start":{"line":8,"column":39},"end":{"line":11,"column":5}},"line":8},"2":{"name":"(anonymous_2)","decl":{"start":{"line":14,"column":18},"end":{"line":14,"column":19}},"loc":{"start":{"line":14,"column":38},"end":{"line":26,"column":1}},"line":14},"3":{"name":"(anonymous_3)","decl":{"start":{"line":22,"column":26},"end":{"line":22,"column":27}},"loc":{"start":{"line":22,"column":39},"end":{"line":25,"column":5}},"line":22},"4":{"name":"(anonymous_4)","decl":{"start":{"line":28,"column":21},"end":{"line":28,"column":22}},"loc":{"start":{"line":28,"column":41},"end":{"line":44,"column":1}},"line":28},"5":{"name":"(anonymous_5)","decl":{"start":{"line":46,"column":21},"end":{"line":46,"column":22}},"loc":{"start":{"line":46,"column":41},"end":{"line":66,"column":1}},"line":46},"6":{"name":"(anonymous_6)","decl":{"start":{"line":68,"column":21},"end":{"line":68,"column":22}},"loc":{"start":{"line":68,"column":41},"end":{"line":81,"column":1}},"line":68}},"branchMap":{"0":{"loc":{"start":{"line":17,"column":4},"end":{"line":19,"column":7}},"type":"if","locations":[{"start":{"line":17,"column":4},"end":{"line":19,"column":7}},{"start":{},"end":{}}],"line":17},"1":{"loc":{"start":{"line":39,"column":4},"end":{"line":43,"column":5}},"type":"if","locations":[{"start":{"line":39,"column":4},"end":{"line":43,"column":5}},{"start":{"line":41,"column":11},"end":{"line":43,"column":5}}],"line":39},"2":{"loc":{"start":{"line":42,"column":29},"end":{"line":42,"column":94}},"type":"binary-expr","locations":[{"start":{"line":42,"column":29},"end":{"line":42,"column":43}},{"start":{"line":42,"column":47},"end":{"line":42,"column":94}}],"line":42},"3":{"loc":{"start":{"line":49,"column":4},"end":{"line":51,"column":7}},"type":"if","locations":[{"start":{"line":49,"column":4},"end":{"line":51,"column":7}},{"start":{},"end":{}}],"line":49},"4":{"loc":{"start":{"line":61,"column":4},"end":{"line":65,"column":5}},"type":"if","locations":[{"start":{"line":61,"column":4},"end":{"line":65,"column":5}},{"start":{"line":63,"column":11},"end":{"line":65,"column":5}}],"line":61},"5":{"loc":{"start":{"line":64,"column":29},"end":{"line":64,"column":94}},"type":"binary-expr","locations":[{"start":{"line":64,"column":29},"end":{"line":64,"column":43}},{"start":{"line":64,"column":47},"end":{"line":64,"column":94}}],"line":64},"6":{"loc":{"start":{"line":71,"column":4},"end":{"line":73,"column":7}},"type":"if","locations":[{"start":{"line":71,"column":4},"end":{"line":73,"column":7}},{"start":{},"end":{}}],"line":71},"7":{"loc":{"start":{"line":76,"column":4},"end":{"line":80,"column":5}},"type":"if","locations":[{"start":{"line":76,"column":4},"end":{"line":80,"column":5}},{"start":{"line":78,"column":11},"end":{"line":80,"column":5}}],"line":76},"8":{"loc":{"start":{"line":79,"column":29},"end":{"line":79,"column":94}},"type":"binary-expr","locations":[{"start":{"line":79,"column":29},"end":{"line":79,"column":43}},{"start":{"line":79,"column":47},"end":{"line":79,"column":94}}],"line":79}},"s":{"0":1,"1":1,"2":1,"3":0,"4":0,"5":0,"6":0,"7":1,"8":0,"9":0,"10":0,"11":0,"12":0,"13":0,"14":0,"15":1,"16":0,"17":0,"18":0,"19":0,"20":0,"21":1,"22":0,"23":0,"24":0,"25":0,"26":0,"27":0,"28":0,"29":0,"30":1,"31":0,"32":0,"33":0,"34":0,"35":0,"36":0,"37":0,"38":1},"f":{"0":0,"1":0,"2":0,"3":0,"4":0,"5":0,"6":0},"b":{"0":[0,0],"1":[0,0],"2":[0,0],"3":[0,0],"4":[0,0],"5":[0,0],"6":[0,0],"7":[0,0],"8":[0,0]},"_coverageSchema":"1a1c01bbd47fc00a2c39e90264f33305004495a9","hash":"8756227cfeb181b6330c35147c169b8c5c9c7640"}
,"D:\\recuperacion\\Databases\\Web Services\\cse-341-finalproject\\controllers\\books.js": {"path":"D:\\recuperacion\\Databases\\Web Services\\cse-341-finalproject\\controllers\\books.js","statementMap":{"0":{"start":{"line":1,"column":16},"end":{"line":1,"column":43}},"1":{"start":{"line":2,"column":17},"end":{"line":2,"column":44}},"2":{"start":{"line":4,"column":15},"end":{"line":12,"column":1}},"3":{"start":{"line":7,"column":19},"end":{"line":7,"column":87}},"4":{"start":{"line":8,"column":4},"end":{"line":11,"column":7}},"5":{"start":{"line":9,"column":8},"end":{"line":9,"column":58}},"6":{"start":{"line":10,"column":8},"end":{"line":10,"column":36}},"7":{"start":{"line":14,"column":18},"end":{"line":26,"column":1}},"8":{"start":{"line":17,"column":4},"end":{"line":19,"column":7}},"9":{"start":{"line":18,"column":8},"end":{"line":18,"column":73}},"10":{"start":{"line":20,"column":20},"end":{"line":20,"column":47}},"11":{"start":{"line":21,"column":19},"end":{"line":21,"column":100}},"12":{"start":{"line":22,"column":4},"end":{"line":25,"column":7}},"13":{"start":{"line":23,"column":8},"end":{"line":23,"column":58}},"14":{"start":{"line":24,"column":8},"end":{"line":24,"column":39}},"15":{"start":{"line":28,"column":19},"end":{"line":46,"column":1}},"16":{"start":{"line":31,"column":18},"end":{"line":39,"column":9}},"17":{"start":{"line":40,"column":21},"end":{"line":40,"column":99}},"18":{"start":{"line":41,"column":4},"end":{"line":45,"column":5}},"19":{"start":{"line":42,"column":8},"end":{"line":42,"column":31}},"20":{"start":{"line":44,"column":8},"end":{"line":44,"column":93}},"21":{"start":{"line":48,"column":19},"end":{"line":70,"column":1}},"22":{"start":{"line":51,"column":4},"end":{"line":53,"column":7}},"23":{"start":{"line":52,"column":8},"end":{"line":52,"column":75}},"24":{"start":{"line":54,"column":20},"end":{"line":54,"column":47}},"25":{"start":{"line":55,"column":18},"end":{"line":63,"column":9}},"26":{"start":{"line":64,"column":21},"end":{"line":64,"column":115}},"27":{"start":{"line":65,"column":4},"end":{"line":69,"column":5}},"28":{"start":{"line":66,"column":8},"end":{"line":66,"column":31}},"29":{"start":{"line":68,"column":8},"end":{"line":68,"column":93}},"30":{"start":{"line":72,"column":19},"end":{"line":85,"column":1}},"31":{"start":{"line":75,"column":4},"end":{"line":77,"column":7}},"32":{"start":{"line":76,"column":8},"end":{"line":76,"column":75}},"33":{"start":{"line":78,"column":20},"end":{"line":78,"column":47}},"34":{"start":{"line":79,"column":21},"end":{"line":79,"column":113}},"35":{"start":{"line":80,"column":4},"end":{"line":84,"column":5}},"36":{"start":{"line":81,"column":8},"end":{"line":81,"column":31}},"37":{"start":{"line":83,"column":8},"end":{"line":83,"column":93}},"38":{"start":{"line":87,"column":0},"end":{"line":93,"column":1}}},"fnMap":{"0":{"name":"(anonymous_0)","decl":{"start":{"line":4,"column":15},"end":{"line":4,"column":16}},"loc":{"start":{"line":4,"column":35},"end":{"line":12,"column":1}},"line":4},"1":{"name":"(anonymous_1)","decl":{"start":{"line":8,"column":26},"end":{"line":8,"column":27}},"loc":{"start":{"line":8,"column":37},"end":{"line":11,"column":5}},"line":8},"2":{"name":"(anonymous_2)","decl":{"start":{"line":14,"column":18},"end":{"line":14,"column":19}},"loc":{"start":{"line":14,"column":38},"end":{"line":26,"column":1}},"line":14},"3":{"name":"(anonymous_3)","decl":{"start":{"line":22,"column":26},"end":{"line":22,"column":27}},"loc":{"start":{"line":22,"column":37},"end":{"line":25,"column":5}},"line":22},"4":{"name":"(anonymous_4)","decl":{"start":{"line":28,"column":19},"end":{"line":28,"column":20}},"loc":{"start":{"line":28,"column":39},"end":{"line":46,"column":1}},"line":28},"5":{"name":"(anonymous_5)","decl":{"start":{"line":48,"column":19},"end":{"line":48,"column":20}},"loc":{"start":{"line":48,"column":39},"end":{"line":70,"column":1}},"line":48},"6":{"name":"(anonymous_6)","decl":{"start":{"line":72,"column":19},"end":{"line":72,"column":20}},"loc":{"start":{"line":72,"column":39},"end":{"line":85,"column":1}},"line":72}},"branchMap":{"0":{"loc":{"start":{"line":17,"column":4},"end":{"line":19,"column":7}},"type":"if","locations":[{"start":{"line":17,"column":4},"end":{"line":19,"column":7}},{"start":{},"end":{}}],"line":17},"1":{"loc":{"start":{"line":41,"column":4},"end":{"line":45,"column":5}},"type":"if","locations":[{"start":{"line":41,"column":4},"end":{"line":45,"column":5}},{"start":{"line":43,"column":11},"end":{"line":45,"column":5}}],"line":41},"2":{"loc":{"start":{"line":44,"column":29},"end":{"line":44,"column":92}},"type":"binary-expr","locations":[{"start":{"line":44,"column":29},"end":{"line":44,"column":43}},{"start":{"line":44,"column":47},"end":{"line":44,"column":92}}],"line":44},"3":{"loc":{"start":{"line":51,"column":4},"end":{"line":53,"column":7}},"type":"if","locations":[{"start":{"line":51,"column":4},"end":{"line":53,"column":7}},{"start":{},"end":{}}],"line":51},"4":{"loc":{"start":{"line":65,"column":4},"end":{"line":69,"column":5}},"type":"if","locations":[{"start":{"line":65,"column":4},"end":{"line":69,"column":5}},{"start":{"line":67,"column":11},"end":{"line":69,"column":5}}],"line":65},"5":{"loc":{"start":{"line":68,"column":29},"end":{"line":68,"column":92}},"type":"binary-expr","locations":[{"start":{"line":68,"column":29},"end":{"line":68,"column":43}},{"start":{"line":68,"column":47},"end":{"line":68,"column":92}}],"line":68},"6":{"loc":{"start":{"line":75,"column":4},"end":{"line":77,"column":7}},"type":"if","locations":[{"start":{"line":75,"column":4},"end":{"line":77,"column":7}},{"start":{},"end":{}}],"line":75},"7":{"loc":{"start":{"line":80,"column":4},"end":{"line":84,"column":5}},"type":"if","locations":[{"start":{"line":80,"column":4},"end":{"line":84,"column":5}},{"start":{"line":82,"column":11},"end":{"line":84,"column":5}}],"line":80},"8":{"loc":{"start":{"line":83,"column":29},"end":{"line":83,"column":92}},"type":"binary-expr","locations":[{"start":{"line":83,"column":29},"end":{"line":83,"column":43}},{"start":{"line":83,"column":47},"end":{"line":83,"column":92}}],"line":83}},"s":{"0":1,"1":1,"2":1,"3":0,"4":0,"5":0,"6":0,"7":1,"8":0,"9":0,"10":0,"11":0,"12":0,"13":0,"14":0,"15":1,"16":0,"17":0,"18":0,"19":0,"20":0,"21":1,"22":0,"23":0,"24":0,"25":0,"26":0,"27":0,"28":0,"29":0,"30":1,"31":0,"32":0,"33":0,"34":0,"35":0,"36":0,"37":0,"38":1},"f":{"0":0,"1":0,"2":0,"3":0,"4":0,"5":0,"6":0},"b":{"0":[0,0],"1":[0,0],"2":[0,0],"3":[0,0],"4":[0,0],"5":[0,0],"6":[0,0],"7":[0,0],"8":[0,0]},"_coverageSchema":"1a1c01bbd47fc00a2c39e90264f33305004495a9","hash":"4a958568f4c303655c14cf5d53617f8371751f90"}
,"D:\\recuperacion\\Databases\\Web Services\\cse-341-finalproject\\controllers\\loans.js": {"path":"D:\\recuperacion\\Databases\\Web Services\\cse-341-finalproject\\controllers\\loans.js","statementMap":{"0":{"start":{"line":1,"column":16},"end":{"line":1,"column":43}},"1":{"start":{"line":2,"column":17},"end":{"line":2,"column":44}},"2":{"start":{"line":4,"column":15},"end":{"line":12,"column":1}},"3":{"start":{"line":7,"column":19},"end":{"line":7,"column":87}},"4":{"start":{"line":8,"column":4},"end":{"line":11,"column":7}},"5":{"start":{"line":9,"column":8},"end":{"line":9,"column":58}},"6":{"start":{"line":10,"column":8},"end":{"line":10,"column":35}},"7":{"start":{"line":14,"column":18},"end":{"line":26,"column":1}},"8":{"start":{"line":17,"column":4},"end":{"line":19,"column":7}},"9":{"start":{"line":18,"column":8},"end":{"line":18,"column":73}},"10":{"start":{"line":20,"column":19},"end":{"line":20,"column":46}},"11":{"start":{"line":21,"column":19},"end":{"line":21,"column":99}},"12":{"start":{"line":22,"column":4},"end":{"line":25,"column":7}},"13":{"start":{"line":23,"column":8},"end":{"line":23,"column":58}},"14":{"start":{"line":24,"column":8},"end":{"line":24,"column":38}},"15":{"start":{"line":28,"column":19},"end":{"line":44,"column":1}},"16":{"start":{"line":31,"column":17},"end":{"line":37,"column":9}},"17":{"start":{"line":38,"column":21},"end":{"line":38,"column":98}},"18":{"start":{"line":39,"column":4},"end":{"line":43,"column":5}},"19":{"start":{"line":40,"column":8},"end":{"line":40,"column":31}},"20":{"start":{"line":42,"column":8},"end":{"line":42,"column":93}},"21":{"start":{"line":46,"column":19},"end":{"line":66,"column":1}},"22":{"start":{"line":49,"column":4},"end":{"line":51,"column":7}},"23":{"start":{"line":50,"column":8},"end":{"line":50,"column":75}},"24":{"start":{"line":52,"column":19},"end":{"line":52,"column":46}},"25":{"start":{"line":53,"column":17},"end":{"line":59,"column":9}},"26":{"start":{"line":60,"column":21},"end":{"line":60,"column":113}},"27":{"start":{"line":61,"column":4},"end":{"line":65,"column":5}},"28":{"start":{"line":62,"column":8},"end":{"line":62,"column":31}},"29":{"start":{"line":64,"column":8},"end":{"line":64,"column":93}},"30":{"start":{"line":68,"column":19},"end":{"line":81,"column":1}},"31":{"start":{"line":71,"column":4},"end":{"line":73,"column":7}},"32":{"start":{"line":72,"column":8},"end":{"line":72,"column":75}},"33":{"start":{"line":74,"column":19},"end":{"line":74,"column":46}},"34":{"start":{"line":75,"column":21},"end":{"line":75,"column":112}},"35":{"start":{"line":76,"column":4},"end":{"line":80,"column":5}},"36":{"start":{"line":77,"column":8},"end":{"line":77,"column":31}},"37":{"start":{"line":79,"column":8},"end":{"line":79,"column":93}},"38":{"start":{"line":83,"column":0},"end":{"line":89,"column":1}}},"fnMap":{"0":{"name":"(anonymous_0)","decl":{"start":{"line":4,"column":15},"end":{"line":4,"column":16}},"loc":{"start":{"line":4,"column":35},"end":{"line":12,"column":1}},"line":4},"1":{"name":"(anonymous_1)","decl":{"start":{"line":8,"column":26},"end":{"line":8,"column":27}},"loc":{"start":{"line":8,"column":36},"end":{"line":11,"column":5}},"line":8},"2":{"name":"(anonymous_2)","decl":{"start":{"line":14,"column":18},"end":{"line":14,"column":19}},"loc":{"start":{"line":14,"column":38},"end":{"line":26,"column":1}},"line":14},"3":{"name":"(anonymous_3)","decl":{"start":{"line":22,"column":26},"end":{"line":22,"column":27}},"loc":{"start":{"line":22,"column":36},"end":{"line":25,"column":5}},"line":22},"4":{"name":"(anonymous_4)","decl":{"start":{"line":28,"column":19},"end":{"line":28,"column":20}},"loc":{"start":{"line":28,"column":39},"end":{"line":44,"column":1}},"line":28},"5":{"name":"(anonymous_5)","decl":{"start":{"line":46,"column":19},"end":{"line":46,"column":20}},"loc":{"start":{"line":46,"column":39},"end":{"line":66,"column":1}},"line":46},"6":{"name":"(anonymous_6)","decl":{"start":{"line":68,"column":19},"end":{"line":68,"column":20}},"loc":{"start":{"line":68,"column":39},"end":{"line":81,"column":1}},"line":68}},"branchMap":{"0":{"loc":{"start":{"line":17,"column":4},"end":{"line":19,"column":7}},"type":"if","locations":[{"start":{"line":17,"column":4},"end":{"line":19,"column":7}},{"start":{},"end":{}}],"line":17},"1":{"loc":{"start":{"line":39,"column":4},"end":{"line":43,"column":5}},"type":"if","locations":[{"start":{"line":39,"column":4},"end":{"line":43,"column":5}},{"start":{"line":41,"column":11},"end":{"line":43,"column":5}}],"line":39},"2":{"loc":{"start":{"line":42,"column":29},"end":{"line":42,"column":92}},"type":"binary-expr","locations":[{"start":{"line":42,"column":29},"end":{"line":42,"column":43}},{"start":{"line":42,"column":47},"end":{"line":42,"column":92}}],"line":42},"3":{"loc":{"start":{"line":49,"column":4},"end":{"line":51,"column":7}},"type":"if","locations":[{"start":{"line":49,"column":4},"end":{"line":51,"column":7}},{"start":{},"end":{}}],"line":49},"4":{"loc":{"start":{"line":61,"column":4},"end":{"line":65,"column":5}},"type":"if","locations":[{"start":{"line":61,"column":4},"end":{"line":65,"column":5}},{"start":{"line":63,"column":11},"end":{"line":65,"column":5}}],"line":61},"5":{"loc":{"start":{"line":64,"column":29},"end":{"line":64,"column":92}},"type":"binary-expr","locations":[{"start":{"line":64,"column":29},"end":{"line":64,"column":43}},{"start":{"line":64,"column":47},"end":{"line":64,"column":92}}],"line":64},"6":{"loc":{"start":{"line":71,"column":4},"end":{"line":73,"column":7}},"type":"if","locations":[{"start":{"line":71,"column":4},"end":{"line":73,"column":7}},{"start":{},"end":{}}],"line":71},"7":{"loc":{"start":{"line":76,"column":4},"end":{"line":80,"column":5}},"type":"if","locations":[{"start":{"line":76,"column":4},"end":{"line":80,"column":5}},{"start":{"line":78,"column":11},"end":{"line":80,"column":5}}],"line":76},"8":{"loc":{"start":{"line":79,"column":29},"end":{"line":79,"column":92}},"type":"binary-expr","locations":[{"start":{"line":79,"column":29},"end":{"line":79,"column":43}},{"start":{"line":79,"column":47},"end":{"line":79,"column":92}}],"line":79}},"s":{"0":1,"1":1,"2":1,"3":0,"4":0,"5":0,"6":0,"7":1,"8":0,"9":0,"10":0,"11":0,"12":0,"13":0,"14":0,"15":1,"16":0,"17":0,"18":0,"19":0,"20":0,"21":1,"22":0,"23":0,"24":0,"25":0,"26":0,"27":0,"28":0,"29":0,"30":1,"31":0,"32":0,"33":0,"34":0,"35":0,"36":0,"37":0,"38":1},"f":{"0":0,"1":0,"2":0,"3":0,"4":0,"5":0,"6":0},"b":{"0":[0,0],"1":[0,0],"2":[0,0],"3":[0,0],"4":[0,0],"5":[0,0],"6":[0,0],"7":[0,0],"8":[0,0]},"_coverageSchema":"1a1c01bbd47fc00a2c39e90264f33305004495a9","hash":"ebfa1774274abf6f0472b66d79c44a06eaf42378"}
,"D:\\recuperacion\\Databases\\Web Services\\cse-341-finalproject\\controllers\\users.js": {"path":"D:\\recuperacion\\Databases\\Web Services\\cse-341-finalproject\\controllers\\users.js","statementMap":{"0":{"start":{"line":1,"column":16},"end":{"line":1,"column":43}},"1":{"start":{"line":2,"column":17},"end":{"line":2,"column":44}},"2":{"start":{"line":4,"column":15},"end":{"line":12,"column":1}},"3":{"start":{"line":7,"column":19},"end":{"line":7,"column":87}},"4":{"start":{"line":8,"column":4},"end":{"line":11,"column":7}},"5":{"start":{"line":9,"column":8},"end":{"line":9,"column":58}},"6":{"start":{"line":10,"column":8},"end":{"line":10,"column":35}},"7":{"start":{"line":14,"column":18},"end":{"line":26,"column":1}},"8":{"start":{"line":17,"column":4},"end":{"line":19,"column":7}},"9":{"start":{"line":18,"column":8},"end":{"line":18,"column":73}},"10":{"start":{"line":20,"column":19},"end":{"line":20,"column":46}},"11":{"start":{"line":21,"column":19},"end":{"line":21,"column":99}},"12":{"start":{"line":22,"column":4},"end":{"line":25,"column":7}},"13":{"start":{"line":23,"column":8},"end":{"line":23,"column":58}},"14":{"start":{"line":24,"column":8},"end":{"line":24,"column":38}},"15":{"start":{"line":28,"column":19},"end":{"line":44,"column":1}},"16":{"start":{"line":31,"column":17},"end":{"line":37,"column":9}},"17":{"start":{"line":38,"column":21},"end":{"line":38,"column":98}},"18":{"start":{"line":39,"column":4},"end":{"line":43,"column":5}},"19":{"start":{"line":40,"column":8},"end":{"line":40,"column":31}},"20":{"start":{"line":42,"column":8},"end":{"line":42,"column":93}},"21":{"start":{"line":46,"column":19},"end":{"line":66,"column":1}},"22":{"start":{"line":49,"column":4},"end":{"line":51,"column":7}},"23":{"start":{"line":50,"column":8},"end":{"line":50,"column":75}},"24":{"start":{"line":52,"column":19},"end":{"line":52,"column":46}},"25":{"start":{"line":53,"column":17},"end":{"line":59,"column":9}},"26":{"start":{"line":60,"column":21},"end":{"line":60,"column":113}},"27":{"start":{"line":61,"column":4},"end":{"line":65,"column":5}},"28":{"start":{"line":62,"column":8},"end":{"line":62,"column":31}},"29":{"start":{"line":64,"column":8},"end":{"line":64,"column":93}},"30":{"start":{"line":68,"column":19},"end":{"line":81,"column":1}},"31":{"start":{"line":71,"column":4},"end":{"line":73,"column":7}},"32":{"start":{"line":72,"column":8},"end":{"line":72,"column":75}},"33":{"start":{"line":74,"column":19},"end":{"line":74,"column":46}},"34":{"start":{"line":75,"column":21},"end":{"line":75,"column":112}},"35":{"start":{"line":76,"column":4},"end":{"line":80,"column":5}},"36":{"start":{"line":77,"column":8},"end":{"line":77,"column":31}},"37":{"start":{"line":79,"column":8},"end":{"line":79,"column":93}},"38":{"start":{"line":83,"column":0},"end":{"line":89,"column":1}}},"fnMap":{"0":{"name":"(anonymous_0)","decl":{"start":{"line":4,"column":15},"end":{"line":4,"column":16}},"loc":{"start":{"line":4,"column":35},"end":{"line":12,"column":1}},"line":4},"1":{"name":"(anonymous_1)","decl":{"start":{"line":8,"column":26},"end":{"line":8,"column":27}},"loc":{"start":{"line":8,"column":36},"end":{"line":11,"column":5}},"line":8},"2":{"name":"(anonymous_2)","decl":{"start":{"line":14,"column":18},"end":{"line":14,"column":19}},"loc":{"start":{"line":14,"column":38},"end":{"line":26,"column":1}},"line":14},"3":{"name":"(anonymous_3)","decl":{"start":{"line":22,"column":26},"end":{"line":22,"column":27}},"loc":{"start":{"line":22,"column":36},"end":{"line":25,"column":5}},"line":22},"4":{"name":"(anonymous_4)","decl":{"start":{"line":28,"column":19},"end":{"line":28,"column":20}},"loc":{"start":{"line":28,"column":39},"end":{"line":44,"column":1}},"line":28},"5":{"name":"(anonymous_5)","decl":{"start":{"line":46,"column":19},"end":{"line":46,"column":20}},"loc":{"start":{"line":46,"column":39},"end":{"line":66,"column":1}},"line":46},"6":{"name":"(anonymous_6)","decl":{"start":{"line":68,"column":19},"end":{"line":68,"column":20}},"loc":{"start":{"line":68,"column":39},"end":{"line":81,"column":1}},"line":68}},"branchMap":{"0":{"loc":{"start":{"line":17,"column":4},"end":{"line":19,"column":7}},"type":"if","locations":[{"start":{"line":17,"column":4},"end":{"line":19,"column":7}},{"start":{},"end":{}}],"line":17},"1":{"loc":{"start":{"line":39,"column":4},"end":{"line":43,"column":5}},"type":"if","locations":[{"start":{"line":39,"column":4},"end":{"line":43,"column":5}},{"start":{"line":41,"column":11},"end":{"line":43,"column":5}}],"line":39},"2":{"loc":{"start":{"line":42,"column":29},"end":{"line":42,"column":92}},"type":"binary-expr","locations":[{"start":{"line":42,"column":29},"end":{"line":42,"column":43}},{"start":{"line":42,"column":47},"end":{"line":42,"column":92}}],"line":42},"3":{"loc":{"start":{"line":49,"column":4},"end":{"line":51,"column":7}},"type":"if","locations":[{"start":{"line":49,"column":4},"end":{"line":51,"column":7}},{"start":{},"end":{}}],"line":49},"4":{"loc":{"start":{"line":61,"column":4},"end":{"line":65,"column":5}},"type":"if","locations":[{"start":{"line":61,"column":4},"end":{"line":65,"column":5}},{"start":{"line":63,"column":11},"end":{"line":65,"column":5}}],"line":61},"5":{"loc":{"start":{"line":64,"column":29},"end":{"line":64,"column":92}},"type":"binary-expr","locations":[{"start":{"line":64,"column":29},"end":{"line":64,"column":43}},{"start":{"line":64,"column":47},"end":{"line":64,"column":92}}],"line":64},"6":{"loc":{"start":{"line":71,"column":4},"end":{"line":73,"column":7}},"type":"if","locations":[{"start":{"line":71,"column":4},"end":{"line":73,"column":7}},{"start":{},"end":{}}],"line":71},"7":{"loc":{"start":{"line":76,"column":4},"end":{"line":80,"column":5}},"type":"if","locations":[{"start":{"line":76,"column":4},"end":{"line":80,"column":5}},{"start":{"line":78,"column":11},"end":{"line":80,"column":5}}],"line":76},"8":{"loc":{"start":{"line":79,"column":29},"end":{"line":79,"column":92}},"type":"binary-expr","locations":[{"start":{"line":79,"column":29},"end":{"line":79,"column":43}},{"start":{"line":79,"column":47},"end":{"line":79,"column":92}}],"line":79}},"s":{"0":1,"1":1,"2":1,"3":0,"4":0,"5":0,"6":0,"7":1,"8":0,"9":0,"10":0,"11":0,"12":0,"13":0,"14":0,"15":1,"16":0,"17":0,"18":0,"19":0,"20":0,"21":1,"22":0,"23":0,"24":0,"25":0,"26":0,"27":0,"28":0,"29":0,"30":1,"31":0,"32":0,"33":0,"34":0,"35":0,"36":0,"37":0,"38":1},"f":{"0":0,"1":0,"2":0,"3":0,"4":0,"5":0,"6":0},"b":{"0":[0,0],"1":[0,0],"2":[0,0],"3":[0,0],"4":[0,0],"5":[0,0],"6":[0,0],"7":[0,0],"8":[0,0]},"_coverageSchema":"1a1c01bbd47fc00a2c39e90264f33305004495a9","hash":"26bb97732129e651dd50c0be7282413497c1e1a7"}
,"D:\\recuperacion\\Databases\\Web Services\\cse-341-finalproject\\data\\database.js": {"path":"D:\\recuperacion\\Databases\\Web Services\\cse-341-finalproject\\data\\database.js","statementMap":{"0":{"start":{"line":1,"column":15},"end":{"line":1,"column":32}},"1":{"start":{"line":2,"column":0},"end":{"line":2,"column":16}},"2":{"start":{"line":4,"column":20},"end":{"line":4,"column":50}},"3":{"start":{"line":8,"column":15},"end":{"line":21,"column":1}},"4":{"start":{"line":9,"column":4},"end":{"line":12,"column":5}},"5":{"start":{"line":10,"column":8},"end":{"line":10,"column":49}},"6":{"start":{"line":11,"column":8},"end":{"line":11,"column":40}},"7":{"start":{"line":13,"column":4},"end":{"line":20,"column":11}},"8":{"start":{"line":15,"column":12},"end":{"line":15,"column":30}},"9":{"start":{"line":16,"column":12},"end":{"line":16,"column":37}},"10":{"start":{"line":19,"column":12},"end":{"line":19,"column":26}},"11":{"start":{"line":23,"column":20},"end":{"line":28,"column":1}},"12":{"start":{"line":24,"column":4},"end":{"line":26,"column":5}},"13":{"start":{"line":25,"column":8},"end":{"line":25,"column":48}},"14":{"start":{"line":27,"column":4},"end":{"line":27,"column":20}},"15":{"start":{"line":30,"column":0},"end":{"line":33,"column":2}}},"fnMap":{"0":{"name":"(anonymous_0)","decl":{"start":{"line":8,"column":15},"end":{"line":8,"column":16}},"loc":{"start":{"line":8,"column":29},"end":{"line":21,"column":1}},"line":8},"1":{"name":"(anonymous_1)","decl":{"start":{"line":14,"column":14},"end":{"line":14,"column":15}},"loc":{"start":{"line":14,"column":26},"end":{"line":17,"column":9}},"line":14},"2":{"name":"(anonymous_2)","decl":{"start":{"line":18,"column":15},"end":{"line":18,"column":16}},"loc":{"start":{"line":18,"column":24},"end":{"line":20,"column":9}},"line":18},"3":{"name":"(anonymous_3)","decl":{"start":{"line":23,"column":20},"end":{"line":23,"column":21}},"loc":{"start":{"line":23,"column":26},"end":{"line":28,"column":1}},"line":23}},"branchMap":{"0":{"loc":{"start":{"line":9,"column":4},"end":{"line":12,"column":5}},"type":"if","locations":[{"start":{"line":9,"column":4},"end":{"line":12,"column":5}},{"start":{},"end":{}}],"line":9},"1":{"loc":{"start":{"line":24,"column":4},"end":{"line":26,"column":5}},"type":"if","locations":[{"start":{"line":24,"column":4},"end":{"line":26,"column":5}},{"start":{},"end":{}}],"line":24}},"s":{"0":1,"1":1,"2":1,"3":1,"4":2,"5":0,"6":0,"7":2,"8":2,"9":2,"10":0,"11":1,"12":0,"13":0,"14":0,"15":1},"f":{"0":2,"1":2,"2":0,"3":0},"b":{"0":[0,2],"1":[0,0]},"_coverageSchema":"1a1c01bbd47fc00a2c39e90264f33305004495a9","hash":"29c225717ab2397dabab1b83ee1b884aa5fec796"}
,"D:\\recuperacion\\Databases\\Web Services\\cse-341-finalproject\\helpers\\validate.js": {"path":"D:\\recuperacion\\Databases\\Web Services\\cse-341-finalproject\\helpers\\validate.js","statementMap":{"0":{"start":{"line":1,"column":18},"end":{"line":1,"column":40}},"1":{"start":{"line":2,"column":18},"end":{"line":6,"column":1}},"2":{"start":{"line":3,"column":21},"end":{"line":3,"column":63}},"3":{"start":{"line":4,"column":2},"end":{"line":4,"column":48}},"4":{"start":{"line":4,"column":26},"end":{"line":4,"column":46}},"5":{"start":{"line":5,"column":2},"end":{"line":5,"column":61}},"6":{"start":{"line":5,"column":25},"end":{"line":5,"column":59}},"7":{"start":{"line":8,"column":0},"end":{"line":8,"column":27}}},"fnMap":{"0":{"name":"(anonymous_0)","decl":{"start":{"line":2,"column":18},"end":{"line":2,"column":19}},"loc":{"start":{"line":2,"column":61},"end":{"line":6,"column":1}},"line":2},"1":{"name":"(anonymous_1)","decl":{"start":{"line":4,"column":20},"end":{"line":4,"column":21}},"loc":{"start":{"line":4,"column":26},"end":{"line":4,"column":46}},"line":4},"2":{"name":"(anonymous_2)","decl":{"start":{"line":5,"column":19},"end":{"line":5,"column":20}},"loc":{"start":{"line":5,"column":25},"end":{"line":5,"column":59}},"line":5}},"branchMap":{},"s":{"0":1,"1":1,"2":0,"3":0,"4":0,"5":0,"6":0,"7":1},"f":{"0":0,"1":0,"2":0},"b":{},"_coverageSchema":"1a1c01bbd47fc00a2c39e90264f33305004495a9","hash":"f0a09492cb736557583bf3d01f60e904706b15cd"}
,"D:\\recuperacion\\Databases\\Web Services\\cse-341-finalproject\\middleware\\authenticate.js": {"path":"D:\\recuperacion\\Databases\\Web Services\\cse-341-finalproject\\middleware\\authenticate.js","statementMap":{"0":{"start":{"line":1,"column":24},"end":{"line":6,"column":1}},"1":{"start":{"line":2,"column":4},"end":{"line":4,"column":5}},"2":{"start":{"line":3,"column":8},"end":{"line":3,"column":63}},"3":{"start":{"line":5,"column":4},"end":{"line":5,"column":11}},"4":{"start":{"line":8,"column":0},"end":{"line":10,"column":1}}},"fnMap":{"0":{"name":"(anonymous_0)","decl":{"start":{"line":1,"column":24},"end":{"line":1,"column":25}},"loc":{"start":{"line":1,"column":44},"end":{"line":6,"column":1}},"line":1}},"branchMap":{"0":{"loc":{"start":{"line":2,"column":4},"end":{"line":4,"column":5}},"type":"if","locations":[{"start":{"line":2,"column":4},"end":{"line":4,"column":5}},{"start":{},"end":{}}],"line":2}},"s":{"0":1,"1":0,"2":0,"3":0,"4":1},"f":{"0":0},"b":{"0":[0,0]},"_coverageSchema":"1a1c01bbd47fc00a2c39e90264f33305004495a9","hash":"2b21635c760a378110cb1d50319fc406c1ce60f2"}
,"D:\\recuperacion\\Databases\\Web Services\\cse-341-finalproject\\middleware\\validate.js": {"path":"D:\\recuperacion\\Databases\\Web Services\\cse-341-finalproject\\middleware\\validate.js","statementMap":{"0":{"start":{"line":1,"column":18},"end":{"line":1,"column":48}},"1":{"start":{"line":3,"column":19},"end":{"line":22,"column":1}},"2":{"start":{"line":4,"column":25},"end":{"line":10,"column":3}},"3":{"start":{"line":11,"column":2},"end":{"line":21,"column":5}},"4":{"start":{"line":12,"column":4},"end":{"line":20,"column":5}},"5":{"start":{"line":13,"column":6},"end":{"line":17,"column":9}},"6":{"start":{"line":19,"column":6},"end":{"line":19,"column":13}},"7":{"start":{"line":24,"column":17},"end":{"line":45,"column":3}},"8":{"start":{"line":25,"column":27},"end":{"line":33,"column":5}},"9":{"start":{"line":34,"column":4},"end":{"line":44,"column":7}},"10":{"start":{"line":35,"column":6},"end":{"line":43,"column":7}},"11":{"start":{"line":36,"column":8},"end":{"line":40,"column":11}},"12":{"start":{"line":42,"column":8},"end":{"line":42,"column":15}},"13":{"start":{"line":47,"column":19},"end":{"line":66,"column":3}},"14":{"start":{"line":48,"column":27},"end":{"line":54,"column":5}},"15":{"start":{"line":55,"column":4},"end":{"line":65,"column":7}},"16":{"start":{"line":56,"column":6},"end":{"line":64,"column":7}},"17":{"start":{"line":57,"column":8},"end":{"line":61,"column":11}},"18":{"start":{"line":63,"column":8},"end":{"line":63,"column":15}},"19":{"start":{"line":69,"column":19},"end":{"line":89,"column":3}},"20":{"start":{"line":70,"column":27},"end":{"line":77,"column":5}},"21":{"start":{"line":78,"column":4},"end":{"line":88,"column":7}},"22":{"start":{"line":79,"column":6},"end":{"line":87,"column":7}},"23":{"start":{"line":80,"column":8},"end":{"line":84,"column":11}},"24":{"start":{"line":86,"column":8},"end":{"line":86,"column":15}},"25":{"start":{"line":92,"column":0},"end":{"line":97,"column":2}}},"fnMap":{"0":{"name":"(anonymous_0)","decl":{"start":{"line":3,"column":19},"end":{"line":3,"column":20}},"loc":{"start":{"line":3,"column":39},"end":{"line":22,"column":1}},"line":3},"1":{"name":"(anonymous_1)","decl":{"start":{"line":11,"column":42},"end":{"line":11,"column":43}},"loc":{"start":{"line":11,"column":59},"end":{"line":21,"column":3}},"line":11},"2":{"name":"(anonymous_2)","decl":{"start":{"line":24,"column":17},"end":{"line":24,"column":18}},"loc":{"start":{"line":24,"column":37},"end":{"line":45,"column":3}},"line":24},"3":{"name":"(anonymous_3)","decl":{"start":{"line":34,"column":44},"end":{"line":34,"column":45}},"loc":{"start":{"line":34,"column":61},"end":{"line":44,"column":5}},"line":34},"4":{"name":"(anonymous_4)","decl":{"start":{"line":47,"column":19},"end":{"line":47,"column":20}},"loc":{"start":{"line":47,"column":39},"end":{"line":66,"column":3}},"line":47},"5":{"name":"(anonymous_5)","decl":{"start":{"line":55,"column":44},"end":{"line":55,"column":45}},"loc":{"start":{"line":55,"column":61},"end":{"line":65,"column":5}},"line":55},"6":{"name":"(anonymous_6)","decl":{"start":{"line":69,"column":19},"end":{"line":69,"column":20}},"loc":{"start":{"line":69,"column":39},"end":{"line":89,"column":3}},"line":69},"7":{"name":"(anonymous_7)","decl":{"start":{"line":78,"column":44},"end":{"line":78,"column":45}},"loc":{"start":{"line":78,"column":61},"end":{"line":88,"column":5}},"line":78}},"branchMap":{"0":{"loc":{"start":{"line":12,"column":4},"end":{"line":20,"column":5}},"type":"if","locations":[{"start":{"line":12,"column":4},"end":{"line":20,"column":5}},{"start":{"line":18,"column":11},"end":{"line":20,"column":5}}],"line":12},"1":{"loc":{"start":{"line":35,"column":6},"end":{"line":43,"column":7}},"type":"if","locations":[{"start":{"line":35,"column":6},"end":{"line":43,"column":7}},{"start":{"line":41,"column":13},"end":{"line":43,"column":7}}],"line":35},"2":{"loc":{"start":{"line":56,"column":6},"end":{"line":64,"column":7}},"type":"if","locations":[{"start":{"line":56,"column":6},"end":{"line":64,"column":7}},{"start":{"line":62,"column":13},"end":{"line":64,"column":7}}],"line":56},"3":{"loc":{"start":{"line":79,"column":6},"end":{"line":87,"column":7}},"type":"if","locations":[{"start":{"line":79,"column":6},"end":{"line":87,"column":7}},{"start":{"line":85,"column":13},"end":{"line":87,"column":7}}],"line":79}},"s":{"0":1,"1":1,"2":0,"3":0,"4":0,"5":0,"6":0,"7":1,"8":0,"9":0,"10":0,"11":0,"12":0,"13":1,"14":0,"15":0,"16":0,"17":0,"18":0,"19":1,"20":0,"21":0,"22":0,"23":0,"24":0,"25":1},"f":{"0":0,"1":0,"2":0,"3":0,"4":0,"5":0,"6":0,"7":0},"b":{"0":[0,0],"1":[0,0],"2":[0,0],"3":[0,0]},"_coverageSchema":"1a1c01bbd47fc00a2c39e90264f33305004495a9","hash":"f0768b95babc5aee08b24831bec167a3b1d5b329"}
,"D:\\recuperacion\\Databases\\Web Services\\cse-341-finalproject\\routes\\authors.js": {"path":"D:\\recuperacion\\Databases\\Web Services\\cse-341-finalproject\\routes\\authors.js","statementMap":{"0":{"start":{"line":1,"column":16},"end":{"line":1,"column":34}},"1":{"start":{"line":2,"column":15},"end":{"line":2,"column":31}},"2":{"start":{"line":4,"column":26},"end":{"line":4,"column":59}},"3":{"start":{"line":5,"column":19},"end":{"line":5,"column":52}},"4":{"start":{"line":6,"column":26},"end":{"line":6,"column":63}},"5":{"start":{"line":8,"column":0},"end":{"line":8,"column":42}},"6":{"start":{"line":9,"column":0},"end":{"line":9,"column":48}},"7":{"start":{"line":10,"column":0},"end":{"line":10,"column":89}},"8":{"start":{"line":11,"column":0},"end":{"line":11,"column":91}},"9":{"start":{"line":12,"column":0},"end":{"line":12,"column":71}},"10":{"start":{"line":14,"column":0},"end":{"line":14,"column":24}}},"fnMap":{},"branchMap":{},"s":{"0":1,"1":1,"2":1,"3":1,"4":1,"5":1,"6":1,"7":1,"8":1,"9":1,"10":1},"f":{},"b":{},"_coverageSchema":"1a1c01bbd47fc00a2c39e90264f33305004495a9","hash":"4fae98dd9c2d62e35648671764c721770aaad60a"}
,"D:\\recuperacion\\Databases\\Web Services\\cse-341-finalproject\\routes\\books.js": {"path":"D:\\recuperacion\\Databases\\Web Services\\cse-341-finalproject\\routes\\books.js","statementMap":{"0":{"start":{"line":1,"column":16},"end":{"line":1,"column":34}},"1":{"start":{"line":2,"column":15},"end":{"line":2,"column":31}},"2":{"start":{"line":4,"column":24},"end":{"line":4,"column":55}},"3":{"start":{"line":5,"column":19},"end":{"line":5,"column":52}},"4":{"start":{"line":6,"column":26},"end":{"line":6,"column":63}},"5":{"start":{"line":8,"column":0},"end":{"line":8,"column":40}},"6":{"start":{"line":9,"column":0},"end":{"line":9,"column":46}},"7":{"start":{"line":10,"column":0},"end":{"line":10,"column":83}},"8":{"start":{"line":11,"column":0},"end":{"line":11,"column":85}},"9":{"start":{"line":12,"column":0},"end":{"line":12,"column":67}},"10":{"start":{"line":15,"column":0},"end":{"line":15,"column":24}}},"fnMap":{},"branchMap":{},"s":{"0":1,"1":1,"2":1,"3":1,"4":1,"5":1,"6":1,"7":1,"8":1,"9":1,"10":1},"f":{},"b":{},"_coverageSchema":"1a1c01bbd47fc00a2c39e90264f33305004495a9","hash":"61c6ce6a05620f20c3b74bb3a8940cab78648351"}
,"D:\\recuperacion\\Databases\\Web Services\\cse-341-finalproject\\routes\\index.js": {"path":"D:\\recuperacion\\Databases\\Web Services\\cse-341-finalproject\\routes\\index.js","statementMap":{"0":{"start":{"line":1,"column":15},"end":{"line":1,"column":43}},"1":{"start":{"line":2,"column":17},"end":{"line":2,"column":36}},"2":{"start":{"line":4,"column":0},"end":{"line":4,"column":38}},"3":{"start":{"line":6,"column":0},"end":{"line":6,"column":45}},"4":{"start":{"line":7,"column":0},"end":{"line":7,"column":41}},"5":{"start":{"line":8,"column":0},"end":{"line":8,"column":41}},"6":{"start":{"line":9,"column":0},"end":{"line":9,"column":41}},"7":{"start":{"line":11,"column":0},"end":{"line":11,"column":72}},"8":{"start":{"line":13,"column":0},"end":{"line":18,"column":3}},"9":{"start":{"line":14,"column":4},"end":{"line":17,"column":6}},"10":{"start":{"line":15,"column":8},"end":{"line":15,"column":37}},"11":{"start":{"line":15,"column":19},"end":{"line":15,"column":36}},"12":{"start":{"line":16,"column":8},"end":{"line":16,"column":26}},"13":{"start":{"line":20,"column":0},"end":{"line":20,"column":24}}},"fnMap":{"0":{"name":"(anonymous_0)","decl":{"start":{"line":11,"column":54},"end":{"line":11,"column":55}},"loc":{"start":{"line":11,"column":68},"end":{"line":11,"column":70}},"line":11},"1":{"name":"(anonymous_1)","decl":{"start":{"line":13,"column":22},"end":{"line":13,"column":23}},"loc":{"start":{"line":13,"column":46},"end":{"line":18,"column":1}},"line":13},"2":{"name":"(anonymous_2)","decl":{"start":{"line":14,"column":15},"end":{"line":14,"column":16}},"loc":{"start":{"line":14,"column":29},"end":{"line":17,"column":5}},"line":14}},"branchMap":{"0":{"loc":{"start":{"line":15,"column":8},"end":{"line":15,"column":37}},"type":"if","locations":[{"start":{"line":15,"column":8},"end":{"line":15,"column":37}},{"start":{},"end":{}}],"line":15}},"s":{"0":1,"1":1,"2":1,"3":1,"4":1,"5":1,"6":1,"7":1,"8":1,"9":0,"10":0,"11":0,"12":0,"13":1},"f":{"0":0,"1":0,"2":0},"b":{"0":[0,0]},"_coverageSchema":"1a1c01bbd47fc00a2c39e90264f33305004495a9","hash":"c8b90ff39e6103acbf8ea96f36d2497d3143bc8a"}
,"D:\\recuperacion\\Databases\\Web Services\\cse-341-finalproject\\routes\\loans.js": {"path":"D:\\recuperacion\\Databases\\Web Services\\cse-341-finalproject\\routes\\loans.js","statementMap":{"0":{"start":{"line":1,"column":16},"end":{"line":1,"column":34}},"1":{"start":{"line":2,"column":15},"end":{"line":2,"column":31}},"2":{"start":{"line":4,"column":24},"end":{"line":4,"column":55}},"3":{"start":{"line":5,"column":19},"end":{"line":5,"column":52}},"4":{"start":{"line":6,"column":26},"end":{"line":6,"column":63}},"5":{"start":{"line":8,"column":0},"end":{"line":8,"column":57}},"6":{"start":{"line":9,"column":0},"end":{"line":9,"column":63}},"7":{"start":{"line":10,"column":0},"end":{"line":10,"column":84}},"8":{"start":{"line":11,"column":0},"end":{"line":11,"column":86}},"9":{"start":{"line":12,"column":0},"end":{"line":12,"column":67}},"10":{"start":{"line":14,"column":0},"end":{"line":14,"column":24}}},"fnMap":{},"branchMap":{},"s":{"0":1,"1":1,"2":1,"3":1,"4":1,"5":1,"6":1,"7":1,"8":1,"9":1,"10":1},"f":{},"b":{},"_coverageSchema":"1a1c01bbd47fc00a2c39e90264f33305004495a9","hash":"dd7b233093cf4f18b8240edf4c214dc50899cd5a"}
,"D:\\recuperacion\\Databases\\Web Services\\cse-341-finalproject\\routes\\swagger.js": {"path":"D:\\recuperacion\\Databases\\Web Services\\cse-341-finalproject\\routes\\swagger.js","statementMap":{"0":{"start":{"line":1,"column":15},"end":{"line":1,"column":42}},"1":{"start":{"line":2,"column":18},"end":{"line":2,"column":47}},"2":{"start":{"line":3,"column":24},"end":{"line":3,"column":50}},"3":{"start":{"line":4,"column":0},"end":{"line":4,"column":41}},"4":{"start":{"line":5,"column":0},"end":{"line":5,"column":58}},"5":{"start":{"line":7,"column":0},"end":{"line":7,"column":24}}},"fnMap":{},"branchMap":{},"s":{"0":1,"1":1,"2":1,"3":1,"4":1,"5":1},"f":{},"b":{},"_coverageSchema":"1a1c01bbd47fc00a2c39e90264f33305004495a9","hash":"5319c4c8a564d5fea4e8205ad94f1569eac0af52"}
,"D:\\recuperacion\\Databases\\Web Services\\cse-341-finalproject\\routes\\users.js": {"path":"D:\\recuperacion\\Databases\\Web Services\\cse-341-finalproject\\routes\\users.js","statementMap":{"0":{"start":{"line":1,"column":16},"end":{"line":1,"column":34}},"1":{"start":{"line":2,"column":15},"end":{"line":2,"column":31}},"2":{"start":{"line":4,"column":24},"end":{"line":4,"column":55}},"3":{"start":{"line":5,"column":19},"end":{"line":5,"column":52}},"4":{"start":{"line":6,"column":26},"end":{"line":6,"column":63}},"5":{"start":{"line":8,"column":0},"end":{"line":8,"column":57}},"6":{"start":{"line":9,"column":0},"end":{"line":9,"column":63}},"7":{"start":{"line":10,"column":0},"end":{"line":10,"column":82}},"8":{"start":{"line":11,"column":0},"end":{"line":11,"column":85}},"9":{"start":{"line":12,"column":0},"end":{"line":12,"column":88}},"10":{"start":{"line":15,"column":0},"end":{"line":15,"column":24}}},"fnMap":{},"branchMap":{},"s":{"0":1,"1":1,"2":1,"3":1,"4":1,"5":1,"6":1,"7":1,"8":1,"9":1,"10":1},"f":{},"b":{},"_coverageSchema":"1a1c01bbd47fc00a2c39e90264f33305004495a9","hash":"52950c4dea96d184fcd0aeb9c1e70e8f9e033c0b"}
}
